<?xml version="1.0" encoding="UTF-8"?><testsuite errors="0" failures="0" name="com.herokuapp.booker.restful.userinfo.BookingTagsTest" skipped="0" tests="3" time="7.08" timestamp="2023-01-10T13:00:23.441Z[Europe/London]"><testcase classname="com.herokuapp.booker.restful.userinfo.BookingTagsTest" name="Provide a 415 status code when incorrect HTTP method is used to access resource"/><testcase classname="com.herokuapp.booker.restful.userinfo.BookingTagsTest" name="This test will verify if a status code of 200 is returned for GET request"/><testcase classname="com.herokuapp.booker.restful.userinfo.BookingTagsTest" name="This test will provide an error code of 404 when user tries to access an invalid resource"/></testsuite>